

============================== 2023-01-21 19:35:33.287504 | ee55a409-b327-4519-9440-4bfab642bd44 ==============================
[0m19:35:33.287533 [info ] [MainThread]: Running with dbt=1.3.2
[0m19:35:33.288035 [debug] [MainThread]: running dbt with arguments {'write_json': True, 'use_colors': True, 'printer_width': 80, 'version_check': True, 'partial_parse': True, 'static_parser': True, 'profiles_dir': '/Users/bendnorman/.dbt', 'send_anonymous_usage_stats': True, 'event_buffer_size': 100000, 'quiet': False, 'no_print': False, 'cache_selected_only': False, 'project_name': 'jaffle_shop', 'skip_profile_setup': False, 'which': 'init', 'indirect_selection': 'eager'}
[0m19:35:33.288208 [debug] [MainThread]: Tracking: tracking
[0m19:35:33.365599 [debug] [MainThread]: Sending event: {'category': 'dbt', 'action': 'invocation', 'label': 'start', 'context': [<snowplow_tracker.self_describing_json.SelfDescribingJson object at 0x11139a470>, <snowplow_tracker.self_describing_json.SelfDescribingJson object at 0x111399e40>, <snowplow_tracker.self_describing_json.SelfDescribingJson object at 0x11139a140>]}
[0m19:35:33.367147 [info ] [MainThread]: Creating dbt configuration folder at /Users/bendnorman/.dbt
[0m19:35:33.371049 [debug] [MainThread]: Starter project path: /Users/bendnorman/mambaforge/envs/dbt/lib/python3.10/site-packages/dbt/include/starter_project
[0m19:35:47.300969 [info ] [MainThread]: Profile jaffle_shop written to /Users/bendnorman/.dbt/profiles.yml using target's sample configuration. Once updated, you'll be able to start developing with dbt.
[0m19:35:47.301385 [info ] [MainThread]: 
Your new dbt project "jaffle_shop" was created!

For more information on how to configure the profiles.yml file,
please consult the dbt documentation here:

  https://docs.getdbt.com/docs/configure-your-profile

One more thing:

Need help? Don't hesitate to reach out to us via GitHub issues or on Slack:

  https://community.getdbt.com/

Happy modeling!

[0m19:35:47.301735 [debug] [MainThread]: Sending event: {'category': 'dbt', 'action': 'invocation', 'label': 'end', 'context': [<snowplow_tracker.self_describing_json.SelfDescribingJson object at 0x10f5c8640>, <snowplow_tracker.self_describing_json.SelfDescribingJson object at 0x11139a1d0>, <snowplow_tracker.self_describing_json.SelfDescribingJson object at 0x111399e10>]}
[0m19:35:47.301974 [debug] [MainThread]: Flushing usage events


============================== 2023-01-21 19:38:28.440794 | d5d8f32a-075a-4a66-93f6-45c39762786e ==============================
[0m19:38:28.440816 [info ] [MainThread]: Running with dbt=1.3.2
[0m19:38:28.441358 [debug] [MainThread]: running dbt with arguments {'write_json': True, 'use_colors': True, 'printer_width': 80, 'version_check': True, 'partial_parse': True, 'static_parser': True, 'profiles_dir': '/Users/bendnorman/.dbt', 'send_anonymous_usage_stats': True, 'event_buffer_size': 100000, 'quiet': False, 'no_print': False, 'cache_selected_only': False, 'config_dir': False, 'which': 'debug', 'indirect_selection': 'eager'}
[0m19:38:28.441523 [debug] [MainThread]: Tracking: tracking
[0m19:38:28.534582 [debug] [MainThread]: Sending event: {'category': 'dbt', 'action': 'invocation', 'label': 'start', 'context': [<snowplow_tracker.self_describing_json.SelfDescribingJson object at 0x10dbde380>, <snowplow_tracker.self_describing_json.SelfDescribingJson object at 0x10dbde560>, <snowplow_tracker.self_describing_json.SelfDescribingJson object at 0x10dbdded0>]}
[0m19:38:28.577351 [debug] [MainThread]: Executing "git --help"
[0m19:38:28.617908 [debug] [MainThread]: STDOUT: "b"usage: git [--version] [--help] [-C <path>] [-c <name>=<value>]\n           [--exec-path[=<path>]] [--html-path] [--man-path] [--info-path]\n           [-p | --paginate | -P | --no-pager] [--no-replace-objects] [--bare]\n           [--git-dir=<path>] [--work-tree=<path>] [--namespace=<name>]\n           [--super-prefix=<path>] [--config-env=<name>=<envvar>]\n           <command> [<args>]\n\nThese are common Git commands used in various situations:\n\nstart a working area (see also: git help tutorial)\n   clone     Clone a repository into a new directory\n   init      Create an empty Git repository or reinitialize an existing one\n\nwork on the current change (see also: git help everyday)\n   add       Add file contents to the index\n   mv        Move or rename a file, a directory, or a symlink\n   restore   Restore working tree files\n   rm        Remove files from the working tree and from the index\n\nexamine the history and state (see also: git help revisions)\n   bisect    Use binary search to find the commit that introduced a bug\n   diff      Show changes between commits, commit and working tree, etc\n   grep      Print lines matching a pattern\n   log       Show commit logs\n   show      Show various types of objects\n   status    Show the working tree status\n\ngrow, mark and tweak your common history\n   branch    List, create, or delete branches\n   commit    Record changes to the repository\n   merge     Join two or more development histories together\n   rebase    Reapply commits on top of another base tip\n   reset     Reset current HEAD to the specified state\n   switch    Switch branches\n   tag       Create, list, delete or verify a tag object signed with GPG\n\ncollaborate (see also: git help workflows)\n   fetch     Download objects and refs from another repository\n   pull      Fetch from and integrate with another repository or a local branch\n   push      Update remote refs along with associated objects\n\n'git help -a' and 'git help -g' list available subcommands and some\nconcept guides. See 'git help <command>' or 'git help <concept>'\nto read about a specific subcommand or concept.\nSee 'git help git' for an overview of the system.\n""
[0m19:38:28.619077 [debug] [MainThread]: STDERR: "b''"
[0m19:38:28.659260 [debug] [MainThread]: Acquiring new sqlite connection "debug"
[0m19:38:28.660644 [debug] [MainThread]: Using sqlite connection "debug"
[0m19:38:28.660819 [debug] [MainThread]: On debug: select 1 as id
[0m19:38:28.661029 [debug] [MainThread]: Opening a new connection, currently in state init
[0m19:38:28.666595 [debug] [MainThread]: SQL status: OK in 0.01 seconds
[0m19:38:28.668351 [debug] [MainThread]: On debug: Close
[0m19:38:28.668879 [debug] [MainThread]: Sending event: {'category': 'dbt', 'action': 'invocation', 'label': 'end', 'context': [<snowplow_tracker.self_describing_json.SelfDescribingJson object at 0x10dc7fa00>, <snowplow_tracker.self_describing_json.SelfDescribingJson object at 0x10dc9df60>, <snowplow_tracker.self_describing_json.SelfDescribingJson object at 0x10dc9f0a0>]}
[0m19:38:28.669231 [debug] [MainThread]: Flushing usage events
[0m19:38:29.541726 [debug] [MainThread]: Connection 'debug' was properly closed.
[0m07:53:13.025332 [debug] [MainThread]: Sending event: {'category': 'dbt', 'action': 'invocation', 'label': 'start', 'context': [<snowplow_tracker.self_describing_json.SelfDescribingJson object at 0x10cb4dab0>, <snowplow_tracker.self_describing_json.SelfDescribingJson object at 0x10e0675b0>, <snowplow_tracker.self_describing_json.SelfDescribingJson object at 0x10e066a70>]}


============================== 07:53:13.035495 | 4a7705c3-ca38-4a15-95c8-a70a4af73acf ==============================
[0m07:53:13.035495 [info ] [MainThread]: Running with dbt=1.5.2
[0m07:53:13.036287 [debug] [MainThread]: running dbt with arguments {'printer_width': '80', 'indirect_selection': 'eager', 'write_json': 'True', 'log_cache_events': 'False', 'partial_parse': 'True', 'cache_selected_only': 'False', 'profiles_dir': '/Users/bendnorman/.dbt', 'fail_fast': 'False', 'warn_error': 'None', 'log_path': 'logs', 'version_check': 'True', 'debug': 'False', 'use_colors': 'True', 'use_experimental_parser': 'False', 'no_print': 'None', 'quiet': 'False', 'warn_error_options': 'WarnErrorOptions(include=[], exclude=[])', 'introspect': 'True', 'static_parser': 'True', 'log_format': 'default', 'target_path': 'None', 'send_anonymous_usage_stats': 'True'}
[0m07:53:13.037427 [info ] [MainThread]: dbt version: 1.5.2
[0m07:53:13.038120 [info ] [MainThread]: python version: 3.10.12
[0m07:53:13.038578 [info ] [MainThread]: python path: /Users/bendnorman/mambaforge/envs/dbt/bin/python
[0m07:53:13.038968 [info ] [MainThread]: os info: macOS-12.5-x86_64-i386-64bit
[0m07:53:13.039339 [info ] [MainThread]: Using profiles.yml file at /Users/bendnorman/.dbt/profiles.yml
[0m07:53:13.039707 [info ] [MainThread]: Using dbt_project.yml file at /Users/bendnorman/catalyst/dbt-tutorial/dbt_project.yml
[0m07:53:13.040078 [info ] [MainThread]: Configuration:
[0m07:53:13.244820 [info ] [MainThread]:   profiles.yml file [[32mOK found and valid[0m]
[0m07:53:13.245549 [info ] [MainThread]:   dbt_project.yml file [[31mERROR not found[0m]
[0m07:53:13.245994 [info ] [MainThread]: Required dependencies:
[0m07:53:13.246649 [debug] [MainThread]: Executing "git --help"
[0m07:53:13.271581 [debug] [MainThread]: STDOUT: "b"usage: git [--version] [--help] [-C <path>] [-c <name>=<value>]\n           [--exec-path[=<path>]] [--html-path] [--man-path] [--info-path]\n           [-p | --paginate | -P | --no-pager] [--no-replace-objects] [--bare]\n           [--git-dir=<path>] [--work-tree=<path>] [--namespace=<name>]\n           [--super-prefix=<path>] [--config-env=<name>=<envvar>]\n           <command> [<args>]\n\nThese are common Git commands used in various situations:\n\nstart a working area (see also: git help tutorial)\n   clone     Clone a repository into a new directory\n   init      Create an empty Git repository or reinitialize an existing one\n\nwork on the current change (see also: git help everyday)\n   add       Add file contents to the index\n   mv        Move or rename a file, a directory, or a symlink\n   restore   Restore working tree files\n   rm        Remove files from the working tree and from the index\n\nexamine the history and state (see also: git help revisions)\n   bisect    Use binary search to find the commit that introduced a bug\n   diff      Show changes between commits, commit and working tree, etc\n   grep      Print lines matching a pattern\n   log       Show commit logs\n   show      Show various types of objects\n   status    Show the working tree status\n\ngrow, mark and tweak your common history\n   branch    List, create, or delete branches\n   commit    Record changes to the repository\n   merge     Join two or more development histories together\n   rebase    Reapply commits on top of another base tip\n   reset     Reset current HEAD to the specified state\n   switch    Switch branches\n   tag       Create, list, delete or verify a tag object signed with GPG\n\ncollaborate (see also: git help workflows)\n   fetch     Download objects and refs from another repository\n   pull      Fetch from and integrate with another repository or a local branch\n   push      Update remote refs along with associated objects\n\n'git help -a' and 'git help -g' list available subcommands and some\nconcept guides. See 'git help <command>' or 'git help <concept>'\nto read about a specific subcommand or concept.\nSee 'git help git' for an overview of the system.\n""
[0m07:53:13.272723 [debug] [MainThread]: STDERR: "b''"
[0m07:53:13.273136 [info ] [MainThread]:  - git [[32mOK found[0m]

[0m07:53:13.273650 [info ] [MainThread]: Connection:
[0m07:53:13.274111 [info ] [MainThread]:   database: jaffle_shop
[0m07:53:13.274488 [info ] [MainThread]:   schema: main
[0m07:53:13.274856 [info ] [MainThread]:   path: /Users/bendnorman/catalyst/dbt-tutorial/jaffle_shop.duckdb
[0m07:53:13.276356 [info ] [MainThread]: Registered adapter: duckdb=1.5.2
[0m07:53:13.528629 [debug] [MainThread]: Acquiring new duckdb connection 'debug'
[0m07:53:13.532014 [debug] [MainThread]: Using duckdb connection "debug"
[0m07:53:13.532620 [debug] [MainThread]: On debug: select 1 as id
[0m07:53:13.532981 [debug] [MainThread]: Opening a new connection, currently in state init
[0m07:53:13.551139 [info ] [MainThread]:   Connection test: [[31mERROR[0m]

[0m07:53:13.551794 [info ] [MainThread]: [31m2 checks failed:[0m
[0m07:53:13.552212 [info ] [MainThread]: Could not load dbt_project.yml

[0m07:53:13.552777 [info ] [MainThread]: dbt was unable to connect to the specified database.
The database returned the following error:

  >Runtime Error
  IO Error: The file "/Users/bendnorman/catalyst/dbt-tutorial/jaffle_shop.duckdb" exists, but it is not a valid DuckDB database file!

Check your database credentials and try again. For more information, visit:
https://docs.getdbt.com/docs/configure-your-profile


[0m07:53:13.554389 [debug] [MainThread]: Command `dbt debug` failed at 07:53:13.553815 after 0.62 seconds
[0m07:53:13.555156 [debug] [MainThread]: Connection 'debug' was properly closed.
[0m07:53:13.555611 [debug] [MainThread]: Sending event: {'category': 'dbt', 'action': 'invocation', 'label': 'end', 'context': [<snowplow_tracker.self_describing_json.SelfDescribingJson object at 0x10cb4dab0>, <snowplow_tracker.self_describing_json.SelfDescribingJson object at 0x10e150070>, <snowplow_tracker.self_describing_json.SelfDescribingJson object at 0x10e152860>]}
[0m07:53:13.556134 [debug] [MainThread]: Flushing usage events
[0m07:54:33.062514 [debug] [MainThread]: Sending event: {'category': 'dbt', 'action': 'invocation', 'label': 'start', 'context': [<snowplow_tracker.self_describing_json.SelfDescribingJson object at 0x10dcb5ab0>, <snowplow_tracker.self_describing_json.SelfDescribingJson object at 0x10f1cf580>, <snowplow_tracker.self_describing_json.SelfDescribingJson object at 0x10f1cea40>]}


============================== 07:54:33.068708 | caa1ae6c-c5cc-4cc2-9255-e4916ed32b81 ==============================
[0m07:54:33.068708 [info ] [MainThread]: Running with dbt=1.5.2
[0m07:54:33.069596 [debug] [MainThread]: running dbt with arguments {'printer_width': '80', 'indirect_selection': 'eager', 'log_cache_events': 'False', 'write_json': 'True', 'partial_parse': 'True', 'cache_selected_only': 'False', 'profiles_dir': '/Users/bendnorman/.dbt', 'debug': 'False', 'warn_error': 'None', 'log_path': 'logs', 'fail_fast': 'False', 'version_check': 'True', 'use_colors': 'True', 'use_experimental_parser': 'False', 'no_print': 'None', 'quiet': 'False', 'warn_error_options': 'WarnErrorOptions(include=[], exclude=[])', 'static_parser': 'True', 'log_format': 'default', 'introspect': 'True', 'target_path': 'None', 'send_anonymous_usage_stats': 'True'}
[0m07:54:33.071064 [info ] [MainThread]: dbt version: 1.5.2
[0m07:54:33.071951 [info ] [MainThread]: python version: 3.10.12
[0m07:54:33.072575 [info ] [MainThread]: python path: /Users/bendnorman/mambaforge/envs/dbt/bin/python
[0m07:54:33.073212 [info ] [MainThread]: os info: macOS-12.5-x86_64-i386-64bit
[0m07:54:33.073888 [info ] [MainThread]: Using profiles.yml file at /Users/bendnorman/.dbt/profiles.yml
[0m07:54:33.074340 [info ] [MainThread]: Using dbt_project.yml file at /Users/bendnorman/catalyst/dbt-tutorial/dbt_project.yml
[0m07:54:33.074729 [info ] [MainThread]: Configuration:
[0m07:54:33.239844 [info ] [MainThread]:   profiles.yml file [[32mOK found and valid[0m]
[0m07:54:33.240504 [info ] [MainThread]:   dbt_project.yml file [[31mERROR not found[0m]
[0m07:54:33.240921 [info ] [MainThread]: Required dependencies:
[0m07:54:33.241529 [debug] [MainThread]: Executing "git --help"
[0m07:54:33.268924 [debug] [MainThread]: STDOUT: "b"usage: git [--version] [--help] [-C <path>] [-c <name>=<value>]\n           [--exec-path[=<path>]] [--html-path] [--man-path] [--info-path]\n           [-p | --paginate | -P | --no-pager] [--no-replace-objects] [--bare]\n           [--git-dir=<path>] [--work-tree=<path>] [--namespace=<name>]\n           [--super-prefix=<path>] [--config-env=<name>=<envvar>]\n           <command> [<args>]\n\nThese are common Git commands used in various situations:\n\nstart a working area (see also: git help tutorial)\n   clone     Clone a repository into a new directory\n   init      Create an empty Git repository or reinitialize an existing one\n\nwork on the current change (see also: git help everyday)\n   add       Add file contents to the index\n   mv        Move or rename a file, a directory, or a symlink\n   restore   Restore working tree files\n   rm        Remove files from the working tree and from the index\n\nexamine the history and state (see also: git help revisions)\n   bisect    Use binary search to find the commit that introduced a bug\n   diff      Show changes between commits, commit and working tree, etc\n   grep      Print lines matching a pattern\n   log       Show commit logs\n   show      Show various types of objects\n   status    Show the working tree status\n\ngrow, mark and tweak your common history\n   branch    List, create, or delete branches\n   commit    Record changes to the repository\n   merge     Join two or more development histories together\n   rebase    Reapply commits on top of another base tip\n   reset     Reset current HEAD to the specified state\n   switch    Switch branches\n   tag       Create, list, delete or verify a tag object signed with GPG\n\ncollaborate (see also: git help workflows)\n   fetch     Download objects and refs from another repository\n   pull      Fetch from and integrate with another repository or a local branch\n   push      Update remote refs along with associated objects\n\n'git help -a' and 'git help -g' list available subcommands and some\nconcept guides. See 'git help <command>' or 'git help <concept>'\nto read about a specific subcommand or concept.\nSee 'git help git' for an overview of the system.\n""
[0m07:54:33.270116 [debug] [MainThread]: STDERR: "b''"
[0m07:54:33.270533 [info ] [MainThread]:  - git [[32mOK found[0m]

[0m07:54:33.270990 [info ] [MainThread]: Connection:
[0m07:54:33.271436 [info ] [MainThread]:   database: jaffle_shop
[0m07:54:33.271812 [info ] [MainThread]:   schema: main
[0m07:54:33.272553 [info ] [MainThread]:   path: /Users/bendnorman/catalyst/dbt-tutorial/jaffle_shop.duckdb
[0m07:54:33.274366 [info ] [MainThread]: Registered adapter: duckdb=1.5.2
[0m07:54:33.288752 [debug] [MainThread]: Acquiring new duckdb connection 'debug'
[0m07:54:33.290463 [debug] [MainThread]: Using duckdb connection "debug"
[0m07:54:33.290840 [debug] [MainThread]: On debug: select 1 as id
[0m07:54:33.291685 [debug] [MainThread]: Opening a new connection, currently in state init
[0m07:54:33.313844 [debug] [MainThread]: SQL status: OK in 0.0 seconds
[0m07:54:33.316194 [debug] [MainThread]: On debug: Close
[0m07:54:33.318532 [info ] [MainThread]:   Connection test: [[32mOK connection ok[0m]

[0m07:54:33.319045 [info ] [MainThread]: [31m1 check failed:[0m
[0m07:54:33.319438 [info ] [MainThread]: Could not load dbt_project.yml

[0m07:54:33.322445 [debug] [MainThread]: Command `dbt debug` failed at 07:54:33.320373 after 0.32 seconds
[0m07:54:33.323758 [debug] [MainThread]: Connection 'debug' was properly closed.
[0m07:54:33.324216 [debug] [MainThread]: Sending event: {'category': 'dbt', 'action': 'invocation', 'label': 'end', 'context': [<snowplow_tracker.self_describing_json.SelfDescribingJson object at 0x10dcb5ab0>, <snowplow_tracker.self_describing_json.SelfDescribingJson object at 0x10f2c68f0>, <snowplow_tracker.self_describing_json.SelfDescribingJson object at 0x10f2c6b30>]}
[0m07:54:33.324751 [debug] [MainThread]: Flushing usage events
[0m08:37:10.297560 [debug] [MainThread]: Sending event: {'category': 'dbt', 'action': 'invocation', 'label': 'start', 'context': [<snowplow_tracker.self_describing_json.SelfDescribingJson object at 0x10c7c9ab0>, <snowplow_tracker.self_describing_json.SelfDescribingJson object at 0x10dce3790>, <snowplow_tracker.self_describing_json.SelfDescribingJson object at 0x10dce31f0>]}


============================== 08:37:10.302515 | 71cc2397-a526-4404-88b9-4f12417dd40c ==============================
[0m08:37:10.302515 [info ] [MainThread]: Running with dbt=1.5.2
[0m08:37:10.303170 [debug] [MainThread]: running dbt with arguments {'printer_width': '80', 'indirect_selection': 'eager', 'write_json': 'True', 'log_cache_events': 'False', 'partial_parse': 'True', 'cache_selected_only': 'False', 'profiles_dir': '/Users/bendnorman/.dbt', 'version_check': 'True', 'warn_error': 'None', 'log_path': 'logs', 'fail_fast': 'False', 'debug': 'False', 'use_colors': 'True', 'use_experimental_parser': 'False', 'no_print': 'None', 'quiet': 'False', 'warn_error_options': 'WarnErrorOptions(include=[], exclude=[])', 'introspect': 'True', 'static_parser': 'True', 'log_format': 'default', 'target_path': 'None', 'send_anonymous_usage_stats': 'True'}
[0m08:37:10.303937 [error] [MainThread]: Encountered an error:
Runtime Error
  No dbt_project.yml found at expected path /Users/bendnorman/catalyst/dbt-tutorial/dbt-tutorial/dbt_project.yml
  Verify that each entry within packages.yml (and their transitive dependencies) contains a file named dbt_project.yml
  
[0m08:37:10.305359 [debug] [MainThread]: Command `dbt run` failed at 08:37:10.304682 after 0.08 seconds
[0m08:37:10.305726 [debug] [MainThread]: Sending event: {'category': 'dbt', 'action': 'invocation', 'label': 'end', 'context': [<snowplow_tracker.self_describing_json.SelfDescribingJson object at 0x10c7c9ab0>, <snowplow_tracker.self_describing_json.SelfDescribingJson object at 0x10dce3d60>, <snowplow_tracker.self_describing_json.SelfDescribingJson object at 0x10dce3a60>]}
[0m08:37:10.306130 [debug] [MainThread]: Flushing usage events
